<?xml version="1.0" encoding="UTF-8"?>
<testsuites name="Mocha Tests" time="9.476" tests="1" failures="0">
  <testsuite name="Root Suite" timestamp="2023-06-12T18:50:53" tests="0" file="cypress\e2e\arrays.cy.js" time="0.000" failures="0">
  </testsuite>
  <testsuite name="Arrays" timestamp="2023-06-12T18:50:53" tests="1" time="9.426" failures="0">
    <testcase name="Arrays Verify Meny Search" time="5.753" classname="Verify Meny Search">
    </testcase>
  </testsuite>
</testsuites>