<?xml version="1.0" encoding="UTF-8"?>
<testsuites name="Mocha Tests" time="9.787" tests="1" failures="0">
  <testsuite name="Root Suite" timestamp="2023-06-12T18:51:26" tests="0" file="cypress\e2e\Elements.cy.js" time="0.000" failures="0">
  </testsuite>
  <testsuite name="first test" timestamp="2023-06-12T18:51:27" tests="1" time="9.738" failures="0">
    <testcase name="first test check elements" time="6.004" classname="check elements">
    </testcase>
  </testsuite>
</testsuites>